
*** Running vivado
    with args -log axis_dwidth_converter_0.vds -m64 -product Vivado -mode batch -messageDb vivado.pb -notrace -source axis_dwidth_converter_0.tcl


****** Vivado v2018.2 (64-bit)
  **** SW Build 2258646 on Thu Jun 14 20:03:12 MDT 2018
  **** IP Build 2256618 on Thu Jun 14 22:10:49 MDT 2018
    ** Copyright 1986-2018 Xilinx, Inc. All Rights Reserved.

source axis_dwidth_converter_0.tcl -notrace
Command: synth_design -top axis_dwidth_converter_0 -part xc7z020clg400-1 -mode out_of_context
Starting synth_design
Attempting to get a license for feature 'Synthesis' and/or device 'xc7z020'
INFO: [Common 17-349] Got license for feature 'Synthesis' and/or device 'xc7z020'
INFO: Launching helper process for spawning children vivado processes
INFO: Helper process launched with PID 14492 
---------------------------------------------------------------------------------
Starting RTL Elaboration : Time (s): cpu = 00:00:02 ; elapsed = 00:00:02 . Memory (MB): peak = 449.770 ; gain = 98.090
---------------------------------------------------------------------------------
INFO: [Synth 8-6157] synthesizing module 'axis_dwidth_converter_0' [e:/WorkSpace/project/FPGA/prj_sc2238_v2.0_emmc_RGB/prj_sc2238_RGB/prj_sc2238_RGB.srcs/sources_1/ip/axis_dwidth_converter_0/synth/axis_dwidth_converter_0.v:57]
INFO: [Synth 8-6157] synthesizing module 'axis_dwidth_converter_v1_1_16_axis_dwidth_converter' [e:/WorkSpace/project/FPGA/prj_sc2238_v2.0_emmc_RGB/prj_sc2238_RGB/prj_sc2238_RGB.srcs/sources_1/ip/axis_dwidth_converter_0/hdl/axis_dwidth_converter_v1_1_vl_rfs.v:810]
	Parameter C_FAMILY bound to: zynq - type: string 
	Parameter C_S_AXIS_TDATA_WIDTH bound to: 24 - type: integer 
	Parameter C_M_AXIS_TDATA_WIDTH bound to: 32 - type: integer 
	Parameter C_AXIS_TID_WIDTH bound to: 1 - type: integer 
	Parameter C_AXIS_TDEST_WIDTH bound to: 1 - type: integer 
	Parameter C_S_AXIS_TUSER_WIDTH bound to: 3 - type: integer 
	Parameter C_M_AXIS_TUSER_WIDTH bound to: 4 - type: integer 
	Parameter C_AXIS_SIGNAL_SET bound to: 32'b00000000000000000000000010010011 
	Parameter G_INDX_SS_TREADY bound to: 0 - type: integer 
	Parameter G_INDX_SS_TDATA bound to: 1 - type: integer 
	Parameter G_INDX_SS_TSTRB bound to: 2 - type: integer 
	Parameter G_INDX_SS_TKEEP bound to: 3 - type: integer 
	Parameter G_INDX_SS_TLAST bound to: 4 - type: integer 
	Parameter G_INDX_SS_TID bound to: 5 - type: integer 
	Parameter G_INDX_SS_TDEST bound to: 6 - type: integer 
	Parameter G_INDX_SS_TUSER bound to: 7 - type: integer 
	Parameter G_MASK_SS_TREADY bound to: 1 - type: integer 
	Parameter G_MASK_SS_TDATA bound to: 2 - type: integer 
	Parameter G_MASK_SS_TSTRB bound to: 4 - type: integer 
	Parameter G_MASK_SS_TKEEP bound to: 8 - type: integer 
	Parameter G_MASK_SS_TLAST bound to: 16 - type: integer 
	Parameter G_MASK_SS_TID bound to: 32 - type: integer 
	Parameter G_MASK_SS_TDEST bound to: 64 - type: integer 
	Parameter G_MASK_SS_TUSER bound to: 128 - type: integer 
	Parameter G_TASK_SEVERITY_ERR bound to: 2 - type: integer 
	Parameter G_TASK_SEVERITY_WARNING bound to: 1 - type: integer 
	Parameter G_TASK_SEVERITY_INFO bound to: 0 - type: integer 
	Parameter P_SS_TKEEP_REQUIRED bound to: 8 - type: integer 
	Parameter P_AXIS_SIGNAL_SET bound to: 32'b00000000000000000000000010011011 
	Parameter P_S_RATIO bound to: 4 - type: integer 
	Parameter P_M_RATIO bound to: 3 - type: integer 
	Parameter P_D2_TDATA_WIDTH bound to: 96 - type: integer 
	Parameter P_D1_TUSER_WIDTH bound to: 3 - type: integer 
	Parameter P_D2_TUSER_WIDTH bound to: 12 - type: integer 
	Parameter P_D3_TUSER_WIDTH bound to: 4 - type: integer 
	Parameter P_D1_REG_CONFIG bound to: 0 - type: integer 
	Parameter P_D3_REG_CONFIG bound to: 0 - type: integer 
INFO: [Synth 8-6157] synthesizing module 'axis_dwidth_converter_v1_1_16_axisc_upsizer' [e:/WorkSpace/project/FPGA/prj_sc2238_v2.0_emmc_RGB/prj_sc2238_RGB/prj_sc2238_RGB.srcs/sources_1/ip/axis_dwidth_converter_0/hdl/axis_dwidth_converter_v1_1_vl_rfs.v:437]
	Parameter C_FAMILY bound to: zynq - type: string 
	Parameter C_S_AXIS_TDATA_WIDTH bound to: 24 - type: integer 
	Parameter C_M_AXIS_TDATA_WIDTH bound to: 96 - type: integer 
	Parameter C_AXIS_TID_WIDTH bound to: 1 - type: integer 
	Parameter C_AXIS_TDEST_WIDTH bound to: 1 - type: integer 
	Parameter C_S_AXIS_TUSER_WIDTH bound to: 3 - type: integer 
	Parameter C_M_AXIS_TUSER_WIDTH bound to: 12 - type: integer 
	Parameter C_AXIS_SIGNAL_SET bound to: 32'b00000000000000000000000010011011 
	Parameter C_RATIO bound to: 4 - type: integer 
	Parameter G_INDX_SS_TREADY bound to: 0 - type: integer 
	Parameter G_INDX_SS_TDATA bound to: 1 - type: integer 
	Parameter G_INDX_SS_TSTRB bound to: 2 - type: integer 
	Parameter G_INDX_SS_TKEEP bound to: 3 - type: integer 
	Parameter G_INDX_SS_TLAST bound to: 4 - type: integer 
	Parameter G_INDX_SS_TID bound to: 5 - type: integer 
	Parameter G_INDX_SS_TDEST bound to: 6 - type: integer 
	Parameter G_INDX_SS_TUSER bound to: 7 - type: integer 
	Parameter G_MASK_SS_TREADY bound to: 1 - type: integer 
	Parameter G_MASK_SS_TDATA bound to: 2 - type: integer 
	Parameter G_MASK_SS_TSTRB bound to: 4 - type: integer 
	Parameter G_MASK_SS_TKEEP bound to: 8 - type: integer 
	Parameter G_MASK_SS_TLAST bound to: 16 - type: integer 
	Parameter G_MASK_SS_TID bound to: 32 - type: integer 
	Parameter G_MASK_SS_TDEST bound to: 64 - type: integer 
	Parameter G_MASK_SS_TUSER bound to: 128 - type: integer 
	Parameter G_TASK_SEVERITY_ERR bound to: 2 - type: integer 
	Parameter G_TASK_SEVERITY_WARNING bound to: 1 - type: integer 
	Parameter G_TASK_SEVERITY_INFO bound to: 0 - type: integer 
	Parameter P_READY_EXIST bound to: 1'b1 
	Parameter P_DATA_EXIST bound to: 1'b1 
	Parameter P_STRB_EXIST bound to: 1'b0 
	Parameter P_KEEP_EXIST bound to: 1'b1 
	Parameter P_LAST_EXIST bound to: 1'b1 
	Parameter P_ID_EXIST bound to: 1'b0 
	Parameter P_DEST_EXIST bound to: 1'b0 
	Parameter P_USER_EXIST bound to: 1'b1 
	Parameter P_S_AXIS_TSTRB_WIDTH bound to: 3 - type: integer 
	Parameter P_M_AXIS_TSTRB_WIDTH bound to: 12 - type: integer 
	Parameter SM_RESET bound to: 3'b000 
	Parameter SM_IDLE bound to: 3'b001 
	Parameter SM_ACTIVE bound to: 3'b101 
	Parameter SM_END bound to: 3'b011 
	Parameter SM_END_TO_ACTIVE bound to: 3'b010 
INFO: [Synth 8-5534] Detected attribute (* fsm_encoding = "none" *) [e:/WorkSpace/project/FPGA/prj_sc2238_v2.0_emmc_RGB/prj_sc2238_RGB/prj_sc2238_RGB.srcs/sources_1/ip/axis_dwidth_converter_0/hdl/axis_dwidth_converter_v1_1_vl_rfs.v:525]
INFO: [Synth 8-6155] done synthesizing module 'axis_dwidth_converter_v1_1_16_axisc_upsizer' (1#1) [e:/WorkSpace/project/FPGA/prj_sc2238_v2.0_emmc_RGB/prj_sc2238_RGB/prj_sc2238_RGB.srcs/sources_1/ip/axis_dwidth_converter_0/hdl/axis_dwidth_converter_v1_1_vl_rfs.v:437]
INFO: [Synth 8-6157] synthesizing module 'axis_dwidth_converter_v1_1_16_axisc_downsizer' [e:/WorkSpace/project/FPGA/prj_sc2238_v2.0_emmc_RGB/prj_sc2238_RGB/prj_sc2238_RGB.srcs/sources_1/ip/axis_dwidth_converter_0/hdl/axis_dwidth_converter_v1_1_vl_rfs.v:62]
	Parameter C_FAMILY bound to: zynq - type: string 
	Parameter C_S_AXIS_TDATA_WIDTH bound to: 96 - type: integer 
	Parameter C_M_AXIS_TDATA_WIDTH bound to: 32 - type: integer 
	Parameter C_AXIS_TID_WIDTH bound to: 1 - type: integer 
	Parameter C_AXIS_TDEST_WIDTH bound to: 1 - type: integer 
	Parameter C_S_AXIS_TUSER_WIDTH bound to: 12 - type: integer 
	Parameter C_M_AXIS_TUSER_WIDTH bound to: 4 - type: integer 
	Parameter C_AXIS_SIGNAL_SET bound to: 32'b00000000000000000000000010011011 
	Parameter C_RATIO bound to: 3 - type: integer 
	Parameter G_INDX_SS_TREADY bound to: 0 - type: integer 
	Parameter G_INDX_SS_TDATA bound to: 1 - type: integer 
	Parameter G_INDX_SS_TSTRB bound to: 2 - type: integer 
	Parameter G_INDX_SS_TKEEP bound to: 3 - type: integer 
	Parameter G_INDX_SS_TLAST bound to: 4 - type: integer 
	Parameter G_INDX_SS_TID bound to: 5 - type: integer 
	Parameter G_INDX_SS_TDEST bound to: 6 - type: integer 
	Parameter G_INDX_SS_TUSER bound to: 7 - type: integer 
	Parameter G_MASK_SS_TREADY bound to: 1 - type: integer 
	Parameter G_MASK_SS_TDATA bound to: 2 - type: integer 
	Parameter G_MASK_SS_TSTRB bound to: 4 - type: integer 
	Parameter G_MASK_SS_TKEEP bound to: 8 - type: integer 
	Parameter G_MASK_SS_TLAST bound to: 16 - type: integer 
	Parameter G_MASK_SS_TID bound to: 32 - type: integer 
	Parameter G_MASK_SS_TDEST bound to: 64 - type: integer 
	Parameter G_MASK_SS_TUSER bound to: 128 - type: integer 
	Parameter G_TASK_SEVERITY_ERR bound to: 2 - type: integer 
	Parameter G_TASK_SEVERITY_WARNING bound to: 1 - type: integer 
	Parameter G_TASK_SEVERITY_INFO bound to: 0 - type: integer 
	Parameter P_S_AXIS_TSTRB_WIDTH bound to: 12 - type: integer 
	Parameter P_M_AXIS_TSTRB_WIDTH bound to: 4 - type: integer 
	Parameter P_RATIO_WIDTH bound to: 2 - type: integer 
	Parameter SM_RESET bound to: 3'b000 
	Parameter SM_IDLE bound to: 3'b001 
	Parameter SM_ACTIVE bound to: 3'b010 
	Parameter SM_END bound to: 3'b011 
	Parameter SM_END_TO_ACTIVE bound to: 3'b110 
INFO: [Synth 8-5534] Detected attribute (* fsm_encoding = "none" *) [e:/WorkSpace/project/FPGA/prj_sc2238_v2.0_emmc_RGB/prj_sc2238_RGB/prj_sc2238_RGB.srcs/sources_1/ip/axis_dwidth_converter_0/hdl/axis_dwidth_converter_v1_1_vl_rfs.v:139]
INFO: [Synth 8-6155] done synthesizing module 'axis_dwidth_converter_v1_1_16_axisc_downsizer' (2#1) [e:/WorkSpace/project/FPGA/prj_sc2238_v2.0_emmc_RGB/prj_sc2238_RGB/prj_sc2238_RGB.srcs/sources_1/ip/axis_dwidth_converter_0/hdl/axis_dwidth_converter_v1_1_vl_rfs.v:62]
INFO: [Synth 8-6157] synthesizing module 'axis_register_slice_v1_1_17_axis_register_slice' [e:/WorkSpace/project/FPGA/prj_sc2238_v2.0_emmc_RGB/prj_sc2238_RGB/prj_sc2238_RGB.srcs/sources_1/ip/axis_dwidth_converter_0/hdl/axis_register_slice_v1_1_vl_rfs.v:2260]
	Parameter C_FAMILY bound to: zynq - type: string 
	Parameter C_AXIS_TDATA_WIDTH bound to: 24 - type: integer 
	Parameter C_AXIS_TID_WIDTH bound to: 1 - type: integer 
	Parameter C_AXIS_TDEST_WIDTH bound to: 1 - type: integer 
	Parameter C_AXIS_TUSER_WIDTH bound to: 3 - type: integer 
	Parameter C_AXIS_SIGNAL_SET bound to: 32'b00000000000000000000000010011011 
	Parameter C_REG_CONFIG bound to: 0 - type: integer 
	Parameter C_NUM_SLR_CROSSINGS bound to: 0 - type: integer 
	Parameter C_PIPELINES_MASTER bound to: 0 - type: integer 
	Parameter C_PIPELINES_SLAVE bound to: 0 - type: integer 
	Parameter C_PIPELINES_MIDDLE bound to: 0 - type: integer 
	Parameter G_INDX_SS_TREADY bound to: 0 - type: integer 
	Parameter G_INDX_SS_TDATA bound to: 1 - type: integer 
	Parameter G_INDX_SS_TSTRB bound to: 2 - type: integer 
	Parameter G_INDX_SS_TKEEP bound to: 3 - type: integer 
	Parameter G_INDX_SS_TLAST bound to: 4 - type: integer 
	Parameter G_INDX_SS_TID bound to: 5 - type: integer 
	Parameter G_INDX_SS_TDEST bound to: 6 - type: integer 
	Parameter G_INDX_SS_TUSER bound to: 7 - type: integer 
	Parameter G_MASK_SS_TREADY bound to: 1 - type: integer 
	Parameter G_MASK_SS_TDATA bound to: 2 - type: integer 
	Parameter G_MASK_SS_TSTRB bound to: 4 - type: integer 
	Parameter G_MASK_SS_TKEEP bound to: 8 - type: integer 
	Parameter G_MASK_SS_TLAST bound to: 16 - type: integer 
	Parameter G_MASK_SS_TID bound to: 32 - type: integer 
	Parameter G_MASK_SS_TDEST bound to: 64 - type: integer 
	Parameter G_MASK_SS_TUSER bound to: 128 - type: integer 
	Parameter G_TASK_SEVERITY_ERR bound to: 2 - type: integer 
	Parameter G_TASK_SEVERITY_WARNING bound to: 1 - type: integer 
	Parameter G_TASK_SEVERITY_INFO bound to: 0 - type: integer 
	Parameter P_TPAYLOAD_WIDTH bound to: 31 - type: integer 
INFO: [Synth 8-6157] synthesizing module 'axis_infrastructure_v1_1_0_util_axis2vector' [e:/WorkSpace/project/FPGA/prj_sc2238_v2.0_emmc_RGB/prj_sc2238_RGB/prj_sc2238_RGB.srcs/sources_1/ip/axis_dwidth_converter_0/hdl/axis_infrastructure_v1_1_vl_rfs.v:810]
	Parameter C_TDATA_WIDTH bound to: 24 - type: integer 
	Parameter C_TID_WIDTH bound to: 1 - type: integer 
	Parameter C_TDEST_WIDTH bound to: 1 - type: integer 
	Parameter C_TUSER_WIDTH bound to: 3 - type: integer 
	Parameter C_TPAYLOAD_WIDTH bound to: 31 - type: integer 
	Parameter C_SIGNAL_SET bound to: 32'b00000000000000000000000010011011 
	Parameter G_INDX_SS_TREADY bound to: 0 - type: integer 
	Parameter G_INDX_SS_TDATA bound to: 1 - type: integer 
	Parameter G_INDX_SS_TSTRB bound to: 2 - type: integer 
	Parameter G_INDX_SS_TKEEP bound to: 3 - type: integer 
	Parameter G_INDX_SS_TLAST bound to: 4 - type: integer 
	Parameter G_INDX_SS_TID bound to: 5 - type: integer 
	Parameter G_INDX_SS_TDEST bound to: 6 - type: integer 
	Parameter G_INDX_SS_TUSER bound to: 7 - type: integer 
	Parameter G_MASK_SS_TREADY bound to: 1 - type: integer 
	Parameter G_MASK_SS_TDATA bound to: 2 - type: integer 
	Parameter G_MASK_SS_TSTRB bound to: 4 - type: integer 
	Parameter G_MASK_SS_TKEEP bound to: 8 - type: integer 
	Parameter G_MASK_SS_TLAST bound to: 16 - type: integer 
	Parameter G_MASK_SS_TID bound to: 32 - type: integer 
	Parameter G_MASK_SS_TDEST bound to: 64 - type: integer 
	Parameter G_MASK_SS_TUSER bound to: 128 - type: integer 
	Parameter G_TASK_SEVERITY_ERR bound to: 2 - type: integer 
	Parameter G_TASK_SEVERITY_WARNING bound to: 1 - type: integer 
	Parameter G_TASK_SEVERITY_INFO bound to: 0 - type: integer 
	Parameter P_TDATA_INDX bound to: 0 - type: integer 
	Parameter P_TSTRB_INDX bound to: 24 - type: integer 
	Parameter P_TKEEP_INDX bound to: 24 - type: integer 
	Parameter P_TLAST_INDX bound to: 27 - type: integer 
	Parameter P_TID_INDX bound to: 28 - type: integer 
	Parameter P_TDEST_INDX bound to: 28 - type: integer 
	Parameter P_TUSER_INDX bound to: 28 - type: integer 
INFO: [Synth 8-6155] done synthesizing module 'axis_infrastructure_v1_1_0_util_axis2vector' (3#1) [e:/WorkSpace/project/FPGA/prj_sc2238_v2.0_emmc_RGB/prj_sc2238_RGB/prj_sc2238_RGB.srcs/sources_1/ip/axis_dwidth_converter_0/hdl/axis_infrastructure_v1_1_vl_rfs.v:810]
INFO: [Synth 8-6157] synthesizing module 'axis_register_slice_v1_1_17_axisc_register_slice' [e:/WorkSpace/project/FPGA/prj_sc2238_v2.0_emmc_RGB/prj_sc2238_RGB/prj_sc2238_RGB.srcs/sources_1/ip/axis_dwidth_converter_0/hdl/axis_register_slice_v1_1_vl_rfs.v:1448]
	Parameter C_FAMILY bound to: zynq - type: string 
	Parameter C_DATA_WIDTH bound to: 31 - type: integer 
	Parameter C_REG_CONFIG bound to: 0 - type: integer 
	Parameter C_NUM_SLR_CROSSINGS bound to: 0 - type: integer 
	Parameter C_PIPELINES_MASTER bound to: 0 - type: integer 
	Parameter C_PIPELINES_SLAVE bound to: 0 - type: integer 
	Parameter C_PIPELINES_MIDDLE bound to: 0 - type: integer 
INFO: [Synth 8-6155] done synthesizing module 'axis_register_slice_v1_1_17_axisc_register_slice' (4#1) [e:/WorkSpace/project/FPGA/prj_sc2238_v2.0_emmc_RGB/prj_sc2238_RGB/prj_sc2238_RGB.srcs/sources_1/ip/axis_dwidth_converter_0/hdl/axis_register_slice_v1_1_vl_rfs.v:1448]
INFO: [Synth 8-6157] synthesizing module 'axis_infrastructure_v1_1_0_util_vector2axis' [e:/WorkSpace/project/FPGA/prj_sc2238_v2.0_emmc_RGB/prj_sc2238_RGB/prj_sc2238_RGB.srcs/sources_1/ip/axis_dwidth_converter_0/hdl/axis_infrastructure_v1_1_vl_rfs.v:992]
	Parameter C_TDATA_WIDTH bound to: 24 - type: integer 
	Parameter C_TID_WIDTH bound to: 1 - type: integer 
	Parameter C_TDEST_WIDTH bound to: 1 - type: integer 
	Parameter C_TUSER_WIDTH bound to: 3 - type: integer 
	Parameter C_TPAYLOAD_WIDTH bound to: 31 - type: integer 
	Parameter C_SIGNAL_SET bound to: 32'b00000000000000000000000010011011 
	Parameter G_INDX_SS_TREADY bound to: 0 - type: integer 
	Parameter G_INDX_SS_TDATA bound to: 1 - type: integer 
	Parameter G_INDX_SS_TSTRB bound to: 2 - type: integer 
	Parameter G_INDX_SS_TKEEP bound to: 3 - type: integer 
	Parameter G_INDX_SS_TLAST bound to: 4 - type: integer 
	Parameter G_INDX_SS_TID bound to: 5 - type: integer 
	Parameter G_INDX_SS_TDEST bound to: 6 - type: integer 
	Parameter G_INDX_SS_TUSER bound to: 7 - type: integer 
	Parameter G_MASK_SS_TREADY bound to: 1 - type: integer 
	Parameter G_MASK_SS_TDATA bound to: 2 - type: integer 
	Parameter G_MASK_SS_TSTRB bound to: 4 - type: integer 
	Parameter G_MASK_SS_TKEEP bound to: 8 - type: integer 
	Parameter G_MASK_SS_TLAST bound to: 16 - type: integer 
	Parameter G_MASK_SS_TID bound to: 32 - type: integer 
	Parameter G_MASK_SS_TDEST bound to: 64 - type: integer 
	Parameter G_MASK_SS_TUSER bound to: 128 - type: integer 
	Parameter G_TASK_SEVERITY_ERR bound to: 2 - type: integer 
	Parameter G_TASK_SEVERITY_WARNING bound to: 1 - type: integer 
	Parameter G_TASK_SEVERITY_INFO bound to: 0 - type: integer 
	Parameter P_TDATA_INDX bound to: 0 - type: integer 
	Parameter P_TSTRB_INDX bound to: 24 - type: integer 
	Parameter P_TKEEP_INDX bound to: 24 - type: integer 
	Parameter P_TLAST_INDX bound to: 27 - type: integer 
	Parameter P_TID_INDX bound to: 28 - type: integer 
	Parameter P_TDEST_INDX bound to: 28 - type: integer 
	Parameter P_TUSER_INDX bound to: 28 - type: integer 
INFO: [Synth 8-6155] done synthesizing module 'axis_infrastructure_v1_1_0_util_vector2axis' (5#1) [e:/WorkSpace/project/FPGA/prj_sc2238_v2.0_emmc_RGB/prj_sc2238_RGB/prj_sc2238_RGB.srcs/sources_1/ip/axis_dwidth_converter_0/hdl/axis_infrastructure_v1_1_vl_rfs.v:992]
INFO: [Synth 8-6155] done synthesizing module 'axis_register_slice_v1_1_17_axis_register_slice' (6#1) [e:/WorkSpace/project/FPGA/prj_sc2238_v2.0_emmc_RGB/prj_sc2238_RGB/prj_sc2238_RGB.srcs/sources_1/ip/axis_dwidth_converter_0/hdl/axis_register_slice_v1_1_vl_rfs.v:2260]
INFO: [Synth 8-6157] synthesizing module 'axis_register_slice_v1_1_17_axis_register_slice__parameterized0' [e:/WorkSpace/project/FPGA/prj_sc2238_v2.0_emmc_RGB/prj_sc2238_RGB/prj_sc2238_RGB.srcs/sources_1/ip/axis_dwidth_converter_0/hdl/axis_register_slice_v1_1_vl_rfs.v:2260]
	Parameter C_FAMILY bound to: zynq - type: string 
	Parameter C_AXIS_TDATA_WIDTH bound to: 32 - type: integer 
	Parameter C_AXIS_TID_WIDTH bound to: 1 - type: integer 
	Parameter C_AXIS_TDEST_WIDTH bound to: 1 - type: integer 
	Parameter C_AXIS_TUSER_WIDTH bound to: 4 - type: integer 
	Parameter C_AXIS_SIGNAL_SET bound to: 32'b00000000000000000000000010011011 
	Parameter C_REG_CONFIG bound to: 0 - type: integer 
	Parameter C_NUM_SLR_CROSSINGS bound to: 0 - type: integer 
	Parameter C_PIPELINES_MASTER bound to: 0 - type: integer 
	Parameter C_PIPELINES_SLAVE bound to: 0 - type: integer 
	Parameter C_PIPELINES_MIDDLE bound to: 0 - type: integer 
	Parameter G_INDX_SS_TREADY bound to: 0 - type: integer 
	Parameter G_INDX_SS_TDATA bound to: 1 - type: integer 
	Parameter G_INDX_SS_TSTRB bound to: 2 - type: integer 
	Parameter G_INDX_SS_TKEEP bound to: 3 - type: integer 
	Parameter G_INDX_SS_TLAST bound to: 4 - type: integer 
	Parameter G_INDX_SS_TID bound to: 5 - type: integer 
	Parameter G_INDX_SS_TDEST bound to: 6 - type: integer 
	Parameter G_INDX_SS_TUSER bound to: 7 - type: integer 
	Parameter G_MASK_SS_TREADY bound to: 1 - type: integer 
	Parameter G_MASK_SS_TDATA bound to: 2 - type: integer 
	Parameter G_MASK_SS_TSTRB bound to: 4 - type: integer 
	Parameter G_MASK_SS_TKEEP bound to: 8 - type: integer 
	Parameter G_MASK_SS_TLAST bound to: 16 - type: integer 
	Parameter G_MASK_SS_TID bound to: 32 - type: integer 
	Parameter G_MASK_SS_TDEST bound to: 64 - type: integer 
	Parameter G_MASK_SS_TUSER bound to: 128 - type: integer 
	Parameter G_TASK_SEVERITY_ERR bound to: 2 - type: integer 
	Parameter G_TASK_SEVERITY_WARNING bound to: 1 - type: integer 
	Parameter G_TASK_SEVERITY_INFO bound to: 0 - type: integer 
	Parameter P_TPAYLOAD_WIDTH bound to: 41 - type: integer 
INFO: [Synth 8-6157] synthesizing module 'axis_infrastructure_v1_1_0_util_axis2vector__parameterized0' [e:/WorkSpace/project/FPGA/prj_sc2238_v2.0_emmc_RGB/prj_sc2238_RGB/prj_sc2238_RGB.srcs/sources_1/ip/axis_dwidth_converter_0/hdl/axis_infrastructure_v1_1_vl_rfs.v:810]
	Parameter C_TDATA_WIDTH bound to: 32 - type: integer 
	Parameter C_TID_WIDTH bound to: 1 - type: integer 
	Parameter C_TDEST_WIDTH bound to: 1 - type: integer 
	Parameter C_TUSER_WIDTH bound to: 4 - type: integer 
	Parameter C_TPAYLOAD_WIDTH bound to: 41 - type: integer 
	Parameter C_SIGNAL_SET bound to: 32'b00000000000000000000000010011011 
	Parameter G_INDX_SS_TREADY bound to: 0 - type: integer 
	Parameter G_INDX_SS_TDATA bound to: 1 - type: integer 
	Parameter G_INDX_SS_TSTRB bound to: 2 - type: integer 
	Parameter G_INDX_SS_TKEEP bound to: 3 - type: integer 
	Parameter G_INDX_SS_TLAST bound to: 4 - type: integer 
	Parameter G_INDX_SS_TID bound to: 5 - type: integer 
	Parameter G_INDX_SS_TDEST bound to: 6 - type: integer 
	Parameter G_INDX_SS_TUSER bound to: 7 - type: integer 
	Parameter G_MASK_SS_TREADY bound to: 1 - type: integer 
	Parameter G_MASK_SS_TDATA bound to: 2 - type: integer 
	Parameter G_MASK_SS_TSTRB bound to: 4 - type: integer 
	Parameter G_MASK_SS_TKEEP bound to: 8 - type: integer 
	Parameter G_MASK_SS_TLAST bound to: 16 - type: integer 
	Parameter G_MASK_SS_TID bound to: 32 - type: integer 
	Parameter G_MASK_SS_TDEST bound to: 64 - type: integer 
	Parameter G_MASK_SS_TUSER bound to: 128 - type: integer 
	Parameter G_TASK_SEVERITY_ERR bound to: 2 - type: integer 
	Parameter G_TASK_SEVERITY_WARNING bound to: 1 - type: integer 
	Parameter G_TASK_SEVERITY_INFO bound to: 0 - type: integer 
	Parameter P_TDATA_INDX bound to: 0 - type: integer 
	Parameter P_TSTRB_INDX bound to: 32 - type: integer 
	Parameter P_TKEEP_INDX bound to: 32 - type: integer 
	Parameter P_TLAST_INDX bound to: 36 - type: integer 
	Parameter P_TID_INDX bound to: 37 - type: integer 
	Parameter P_TDEST_INDX bound to: 37 - type: integer 
	Parameter P_TUSER_INDX bound to: 37 - type: integer 
INFO: [Synth 8-6155] done synthesizing module 'axis_infrastructure_v1_1_0_util_axis2vector__parameterized0' (6#1) [e:/WorkSpace/project/FPGA/prj_sc2238_v2.0_emmc_RGB/prj_sc2238_RGB/prj_sc2238_RGB.srcs/sources_1/ip/axis_dwidth_converter_0/hdl/axis_infrastructure_v1_1_vl_rfs.v:810]
INFO: [Synth 8-6157] synthesizing module 'axis_register_slice_v1_1_17_axisc_register_slice__parameterized0' [e:/WorkSpace/project/FPGA/prj_sc2238_v2.0_emmc_RGB/prj_sc2238_RGB/prj_sc2238_RGB.srcs/sources_1/ip/axis_dwidth_converter_0/hdl/axis_register_slice_v1_1_vl_rfs.v:1448]
	Parameter C_FAMILY bound to: zynq - type: string 
	Parameter C_DATA_WIDTH bound to: 41 - type: integer 
	Parameter C_REG_CONFIG bound to: 0 - type: integer 
	Parameter C_NUM_SLR_CROSSINGS bound to: 0 - type: integer 
	Parameter C_PIPELINES_MASTER bound to: 0 - type: integer 
	Parameter C_PIPELINES_SLAVE bound to: 0 - type: integer 
	Parameter C_PIPELINES_MIDDLE bound to: 0 - type: integer 
INFO: [Synth 8-6155] done synthesizing module 'axis_register_slice_v1_1_17_axisc_register_slice__parameterized0' (6#1) [e:/WorkSpace/project/FPGA/prj_sc2238_v2.0_emmc_RGB/prj_sc2238_RGB/prj_sc2238_RGB.srcs/sources_1/ip/axis_dwidth_converter_0/hdl/axis_register_slice_v1_1_vl_rfs.v:1448]
INFO: [Synth 8-6157] synthesizing module 'axis_infrastructure_v1_1_0_util_vector2axis__parameterized0' [e:/WorkSpace/project/FPGA/prj_sc2238_v2.0_emmc_RGB/prj_sc2238_RGB/prj_sc2238_RGB.srcs/sources_1/ip/axis_dwidth_converter_0/hdl/axis_infrastructure_v1_1_vl_rfs.v:992]
	Parameter C_TDATA_WIDTH bound to: 32 - type: integer 
	Parameter C_TID_WIDTH bound to: 1 - type: integer 
	Parameter C_TDEST_WIDTH bound to: 1 - type: integer 
	Parameter C_TUSER_WIDTH bound to: 4 - type: integer 
	Parameter C_TPAYLOAD_WIDTH bound to: 41 - type: integer 
	Parameter C_SIGNAL_SET bound to: 32'b00000000000000000000000010011011 
	Parameter G_INDX_SS_TREADY bound to: 0 - type: integer 
	Parameter G_INDX_SS_TDATA bound to: 1 - type: integer 
	Parameter G_INDX_SS_TSTRB bound to: 2 - type: integer 
	Parameter G_INDX_SS_TKEEP bound to: 3 - type: integer 
	Parameter G_INDX_SS_TLAST bound to: 4 - type: integer 
	Parameter G_INDX_SS_TID bound to: 5 - type: integer 
	Parameter G_INDX_SS_TDEST bound to: 6 - type: integer 
	Parameter G_INDX_SS_TUSER bound to: 7 - type: integer 
	Parameter G_MASK_SS_TREADY bound to: 1 - type: integer 
	Parameter G_MASK_SS_TDATA bound to: 2 - type: integer 
	Parameter G_MASK_SS_TSTRB bound to: 4 - type: integer 
	Parameter G_MASK_SS_TKEEP bound to: 8 - type: integer 
	Parameter G_MASK_SS_TLAST bound to: 16 - type: integer 
	Parameter G_MASK_SS_TID bound to: 32 - type: integer 
	Parameter G_MASK_SS_TDEST bound to: 64 - type: integer 
	Parameter G_MASK_SS_TUSER bound to: 128 - type: integer 
	Parameter G_TASK_SEVERITY_ERR bound to: 2 - type: integer 
	Parameter G_TASK_SEVERITY_WARNING bound to: 1 - type: integer 
	Parameter G_TASK_SEVERITY_INFO bound to: 0 - type: integer 
	Parameter P_TDATA_INDX bound to: 0 - type: integer 
	Parameter P_TSTRB_INDX bound to: 32 - type: integer 
	Parameter P_TKEEP_INDX bound to: 32 - type: integer 
	Parameter P_TLAST_INDX bound to: 36 - type: integer 
	Parameter P_TID_INDX bound to: 37 - type: integer 
	Parameter P_TDEST_INDX bound to: 37 - type: integer 
	Parameter P_TUSER_INDX bound to: 37 - type: integer 
INFO: [Synth 8-6155] done synthesizing module 'axis_infrastructure_v1_1_0_util_vector2axis__parameterized0' (6#1) [e:/WorkSpace/project/FPGA/prj_sc2238_v2.0_emmc_RGB/prj_sc2238_RGB/prj_sc2238_RGB.srcs/sources_1/ip/axis_dwidth_converter_0/hdl/axis_infrastructure_v1_1_vl_rfs.v:992]
INFO: [Synth 8-6155] done synthesizing module 'axis_register_slice_v1_1_17_axis_register_slice__parameterized0' (6#1) [e:/WorkSpace/project/FPGA/prj_sc2238_v2.0_emmc_RGB/prj_sc2238_RGB/prj_sc2238_RGB.srcs/sources_1/ip/axis_dwidth_converter_0/hdl/axis_register_slice_v1_1_vl_rfs.v:2260]
INFO: [Synth 8-6155] done synthesizing module 'axis_dwidth_converter_v1_1_16_axis_dwidth_converter' (7#1) [e:/WorkSpace/project/FPGA/prj_sc2238_v2.0_emmc_RGB/prj_sc2238_RGB/prj_sc2238_RGB.srcs/sources_1/ip/axis_dwidth_converter_0/hdl/axis_dwidth_converter_v1_1_vl_rfs.v:810]
INFO: [Synth 8-6155] done synthesizing module 'axis_dwidth_converter_0' (8#1) [e:/WorkSpace/project/FPGA/prj_sc2238_v2.0_emmc_RGB/prj_sc2238_RGB/prj_sc2238_RGB.srcs/sources_1/ip/axis_dwidth_converter_0/synth/axis_dwidth_converter_0.v:57]
WARNING: [Synth 8-3331] design axis_register_slice_v1_1_17_axisc_register_slice__parameterized0 has unconnected port ACLK
WARNING: [Synth 8-3331] design axis_register_slice_v1_1_17_axisc_register_slice__parameterized0 has unconnected port ACLK2X
WARNING: [Synth 8-3331] design axis_register_slice_v1_1_17_axisc_register_slice__parameterized0 has unconnected port ARESET
WARNING: [Synth 8-3331] design axis_register_slice_v1_1_17_axisc_register_slice__parameterized0 has unconnected port ACLKEN
WARNING: [Synth 8-3331] design axis_infrastructure_v1_1_0_util_axis2vector__parameterized0 has unconnected port TSTRB[3]
WARNING: [Synth 8-3331] design axis_infrastructure_v1_1_0_util_axis2vector__parameterized0 has unconnected port TSTRB[2]
WARNING: [Synth 8-3331] design axis_infrastructure_v1_1_0_util_axis2vector__parameterized0 has unconnected port TSTRB[1]
WARNING: [Synth 8-3331] design axis_infrastructure_v1_1_0_util_axis2vector__parameterized0 has unconnected port TSTRB[0]
WARNING: [Synth 8-3331] design axis_infrastructure_v1_1_0_util_axis2vector__parameterized0 has unconnected port TID[0]
WARNING: [Synth 8-3331] design axis_infrastructure_v1_1_0_util_axis2vector__parameterized0 has unconnected port TDEST[0]
WARNING: [Synth 8-3331] design axis_register_slice_v1_1_17_axisc_register_slice has unconnected port ACLK
WARNING: [Synth 8-3331] design axis_register_slice_v1_1_17_axisc_register_slice has unconnected port ACLK2X
WARNING: [Synth 8-3331] design axis_register_slice_v1_1_17_axisc_register_slice has unconnected port ARESET
WARNING: [Synth 8-3331] design axis_register_slice_v1_1_17_axisc_register_slice has unconnected port ACLKEN
WARNING: [Synth 8-3331] design axis_infrastructure_v1_1_0_util_axis2vector has unconnected port TSTRB[2]
WARNING: [Synth 8-3331] design axis_infrastructure_v1_1_0_util_axis2vector has unconnected port TSTRB[1]
WARNING: [Synth 8-3331] design axis_infrastructure_v1_1_0_util_axis2vector has unconnected port TSTRB[0]
WARNING: [Synth 8-3331] design axis_infrastructure_v1_1_0_util_axis2vector has unconnected port TID[0]
WARNING: [Synth 8-3331] design axis_infrastructure_v1_1_0_util_axis2vector has unconnected port TDEST[0]
WARNING: [Synth 8-3331] design axis_dwidth_converter_v1_1_16_axis_dwidth_converter has unconnected port s_axis_tkeep[2]
WARNING: [Synth 8-3331] design axis_dwidth_converter_v1_1_16_axis_dwidth_converter has unconnected port s_axis_tkeep[1]
WARNING: [Synth 8-3331] design axis_dwidth_converter_v1_1_16_axis_dwidth_converter has unconnected port s_axis_tkeep[0]
---------------------------------------------------------------------------------
Finished RTL Elaboration : Time (s): cpu = 00:00:03 ; elapsed = 00:00:03 . Memory (MB): peak = 505.051 ; gain = 153.371
---------------------------------------------------------------------------------

Report Check Netlist: 
+------+------------------+-------+---------+-------+------------------+
|      |Item              |Errors |Warnings |Status |Description       |
+------+------------------+-------+---------+-------+------------------+
|1     |multi_driven_nets |      0|        0|Passed |Multi driven nets |
+------+------------------+-------+---------+-------+------------------+
---------------------------------------------------------------------------------
Start Handling Custom Attributes
---------------------------------------------------------------------------------
---------------------------------------------------------------------------------
Finished Handling Custom Attributes : Time (s): cpu = 00:00:04 ; elapsed = 00:00:03 . Memory (MB): peak = 505.051 ; gain = 153.371
---------------------------------------------------------------------------------
---------------------------------------------------------------------------------
Finished RTL Optimization Phase 1 : Time (s): cpu = 00:00:04 ; elapsed = 00:00:03 . Memory (MB): peak = 505.051 ; gain = 153.371
---------------------------------------------------------------------------------
INFO: [Device 21-403] Loading part xc7z020clg400-1
INFO: [Project 1-570] Preparing netlist for logic optimization

Processing XDC Constraints
Initializing timing engine
Parsing XDC File [e:/WorkSpace/project/FPGA/prj_sc2238_v2.0_emmc_RGB/prj_sc2238_RGB/prj_sc2238_RGB.srcs/sources_1/ip/axis_dwidth_converter_0/axis_dwidth_converter_0_ooc.xdc] for cell 'inst'
Finished Parsing XDC File [e:/WorkSpace/project/FPGA/prj_sc2238_v2.0_emmc_RGB/prj_sc2238_RGB/prj_sc2238_RGB.srcs/sources_1/ip/axis_dwidth_converter_0/axis_dwidth_converter_0_ooc.xdc] for cell 'inst'
Parsing XDC File [E:/WorkSpace/project/FPGA/prj_sc2238_v2.0_emmc_RGB/prj_sc2238_RGB/prj_sc2238_RGB.runs/axis_dwidth_converter_0_synth_1/dont_touch.xdc]
Finished Parsing XDC File [E:/WorkSpace/project/FPGA/prj_sc2238_v2.0_emmc_RGB/prj_sc2238_RGB/prj_sc2238_RGB.runs/axis_dwidth_converter_0_synth_1/dont_touch.xdc]
Completed Processing XDC Constraints

INFO: [Project 1-111] Unisim Transformation Summary:
No Unisim elements were transformed.

Constraint Validation Runtime : Time (s): cpu = 00:00:00 ; elapsed = 00:00:00.049 . Memory (MB): peak = 868.676 ; gain = 1.574
---------------------------------------------------------------------------------
Finished Constraint Validation : Time (s): cpu = 00:00:12 ; elapsed = 00:00:14 . Memory (MB): peak = 868.676 ; gain = 516.996
---------------------------------------------------------------------------------
---------------------------------------------------------------------------------
Start Loading Part and Timing Information
---------------------------------------------------------------------------------
Loading part: xc7z020clg400-1
---------------------------------------------------------------------------------
Finished Loading Part and Timing Information : Time (s): cpu = 00:00:12 ; elapsed = 00:00:14 . Memory (MB): peak = 868.676 ; gain = 516.996
---------------------------------------------------------------------------------
---------------------------------------------------------------------------------
Start Applying 'set_property' XDC Constraints
---------------------------------------------------------------------------------
Applied set_property DONT_TOUCH = true for inst. (constraint file  E:/WorkSpace/project/FPGA/prj_sc2238_v2.0_emmc_RGB/prj_sc2238_RGB/prj_sc2238_RGB.runs/axis_dwidth_converter_0_synth_1/dont_touch.xdc, line 9).
---------------------------------------------------------------------------------
Finished applying 'set_property' XDC Constraints : Time (s): cpu = 00:00:12 ; elapsed = 00:00:14 . Memory (MB): peak = 868.676 ; gain = 516.996
---------------------------------------------------------------------------------
INFO: [Synth 8-4490] FSM extraction disabled for register 'state_reg' through user attribute
INFO: [Synth 8-5544] ROM "r0_reg_sel0" won't be mapped to Block RAM because address size (3) smaller than threshold (5)
INFO: [Synth 8-5544] ROM "r0_reg_sel0" won't be mapped to Block RAM because address size (3) smaller than threshold (5)
INFO: [Synth 8-4490] FSM extraction disabled for register 'state_reg' through user attribute
---------------------------------------------------------------------------------
Finished RTL Optimization Phase 2 : Time (s): cpu = 00:00:13 ; elapsed = 00:00:14 . Memory (MB): peak = 868.676 ; gain = 516.996
---------------------------------------------------------------------------------

Report RTL Partitions: 
+-+--------------+------------+----------+
| |RTL Partition |Replication |Instances |
+-+--------------+------------+----------+
+-+--------------+------------+----------+
---------------------------------------------------------------------------------
Start RTL Component Statistics 
---------------------------------------------------------------------------------
Detailed RTL Component Info : 
+---Adders : 
	   2 Input      2 Bit       Adders := 1     
+---Registers : 
	               96 Bit    Registers := 1     
	               32 Bit    Registers := 1     
	               24 Bit    Registers := 5     
	               12 Bit    Registers := 3     
	                4 Bit    Registers := 4     
	                3 Bit    Registers := 18    
	                2 Bit    Registers := 2     
	                1 Bit    Registers := 15    
+---Muxes : 
	   2 Input      4 Bit        Muxes := 3     
	   2 Input      3 Bit        Muxes := 6     
	   3 Input      3 Bit        Muxes := 2     
	   4 Input      3 Bit        Muxes := 1     
	   2 Input      2 Bit        Muxes := 6     
	   3 Input      2 Bit        Muxes := 2     
	   3 Input      1 Bit        Muxes := 1     
	   2 Input      1 Bit        Muxes := 5     
---------------------------------------------------------------------------------
Finished RTL Component Statistics 
---------------------------------------------------------------------------------
---------------------------------------------------------------------------------
Start RTL Hierarchical Component Statistics 
---------------------------------------------------------------------------------
Hierarchical RTL Component report 
Module axis_dwidth_converter_v1_1_16_axisc_upsizer 
Detailed RTL Component Info : 
+---Registers : 
	               24 Bit    Registers := 5     
	                4 Bit    Registers := 1     
	                3 Bit    Registers := 16    
	                1 Bit    Registers := 6     
+---Muxes : 
	   2 Input      4 Bit        Muxes := 3     
	   2 Input      3 Bit        Muxes := 5     
	   3 Input      3 Bit        Muxes := 2     
	   2 Input      2 Bit        Muxes := 2     
	   3 Input      1 Bit        Muxes := 1     
Module axis_dwidth_converter_v1_1_16_axisc_downsizer 
Detailed RTL Component Info : 
+---Adders : 
	   2 Input      2 Bit       Adders := 1     
+---Registers : 
	               96 Bit    Registers := 1     
	               32 Bit    Registers := 1     
	               12 Bit    Registers := 3     
	                4 Bit    Registers := 3     
	                3 Bit    Registers := 2     
	                2 Bit    Registers := 2     
	                1 Bit    Registers := 6     
+---Muxes : 
	   4 Input      3 Bit        Muxes := 1     
	   2 Input      3 Bit        Muxes := 1     
	   2 Input      2 Bit        Muxes := 4     
	   3 Input      2 Bit        Muxes := 2     
	   2 Input      1 Bit        Muxes := 5     
Module axis_register_slice_v1_1_17_axis_register_slice 
Detailed RTL Component Info : 
+---Registers : 
	                1 Bit    Registers := 1     
Module axis_register_slice_v1_1_17_axis_register_slice__parameterized0 
Detailed RTL Component Info : 
+---Registers : 
	                1 Bit    Registers := 1     
Module axis_dwidth_converter_v1_1_16_axis_dwidth_converter 
Detailed RTL Component Info : 
+---Registers : 
	                1 Bit    Registers := 1     
---------------------------------------------------------------------------------
Finished RTL Hierarchical Component Statistics
---------------------------------------------------------------------------------
---------------------------------------------------------------------------------
Start Part Resource Summary
---------------------------------------------------------------------------------
Part Resources:
DSPs: 220 (col length:60)
BRAMs: 280 (col length: RAMB18 60 RAMB36 30)
---------------------------------------------------------------------------------
Finished Part Resource Summary
---------------------------------------------------------------------------------
---------------------------------------------------------------------------------
Start Cross Boundary and Area Optimization
---------------------------------------------------------------------------------
Warning: Parallel synthesis criteria is not met 
INFO: [Synth 8-4471] merging register 'gen_upsizer_conversion.axisc_upsizer_0/r0_dest_reg[0:0]' into 'gen_upsizer_conversion.axisc_upsizer_0/r0_id_reg[0:0]' [e:/WorkSpace/project/FPGA/prj_sc2238_v2.0_emmc_RGB/prj_sc2238_RGB/prj_sc2238_RGB.srcs/sources_1/ip/axis_dwidth_converter_0/hdl/axis_dwidth_converter_v1_1_vl_rfs.v:707]
INFO: [Synth 8-4471] merging register 'gen_upsizer_conversion.axisc_upsizer_0/acc_dest_reg[0:0]' into 'gen_upsizer_conversion.axisc_upsizer_0/acc_id_reg[0:0]' [e:/WorkSpace/project/FPGA/prj_sc2238_v2.0_emmc_RGB/prj_sc2238_RGB/prj_sc2238_RGB.srcs/sources_1/ip/axis_dwidth_converter_0/hdl/axis_dwidth_converter_v1_1_vl_rfs.v:725]
INFO: [Synth 8-4471] merging register 'gen_downsizer_conversion.axisc_downsizer_0/r0_dest_reg[0:0]' into 'gen_downsizer_conversion.axisc_downsizer_0/r0_id_reg[0:0]' [e:/WorkSpace/project/FPGA/prj_sc2238_v2.0_emmc_RGB/prj_sc2238_RGB/prj_sc2238_RGB.srcs/sources_1/ip/axis_dwidth_converter_0/hdl/axis_dwidth_converter_v1_1_vl_rfs.v:292]
INFO: [Synth 8-4471] merging register 'gen_downsizer_conversion.axisc_downsizer_0/r1_dest_reg[0:0]' into 'gen_downsizer_conversion.axisc_downsizer_0/r1_id_reg[0:0]' [e:/WorkSpace/project/FPGA/prj_sc2238_v2.0_emmc_RGB/prj_sc2238_RGB/prj_sc2238_RGB.srcs/sources_1/ip/axis_dwidth_converter_0/hdl/axis_dwidth_converter_v1_1_vl_rfs.v:292]
WARNING: [Synth 8-6014] Unused sequential element gen_upsizer_conversion.axisc_upsizer_0/r0_strb_reg was removed.  [e:/WorkSpace/project/FPGA/prj_sc2238_v2.0_emmc_RGB/prj_sc2238_RGB/prj_sc2238_RGB.srcs/sources_1/ip/axis_dwidth_converter_0/hdl/axis_dwidth_converter_v1_1_vl_rfs.v:703]
WARNING: [Synth 8-6014] Unused sequential element gen_upsizer_conversion.axisc_upsizer_0/r0_dest_reg was removed.  [e:/WorkSpace/project/FPGA/prj_sc2238_v2.0_emmc_RGB/prj_sc2238_RGB/prj_sc2238_RGB.srcs/sources_1/ip/axis_dwidth_converter_0/hdl/axis_dwidth_converter_v1_1_vl_rfs.v:707]
WARNING: [Synth 8-6014] Unused sequential element gen_upsizer_conversion.axisc_upsizer_0/acc_dest_reg was removed.  [e:/WorkSpace/project/FPGA/prj_sc2238_v2.0_emmc_RGB/prj_sc2238_RGB/prj_sc2238_RGB.srcs/sources_1/ip/axis_dwidth_converter_0/hdl/axis_dwidth_converter_v1_1_vl_rfs.v:725]
WARNING: [Synth 8-6014] Unused sequential element gen_downsizer_conversion.axisc_downsizer_0/r0_strb_reg was removed.  [e:/WorkSpace/project/FPGA/prj_sc2238_v2.0_emmc_RGB/prj_sc2238_RGB/prj_sc2238_RGB.srcs/sources_1/ip/axis_dwidth_converter_0/hdl/axis_dwidth_converter_v1_1_vl_rfs.v:288]
WARNING: [Synth 8-6014] Unused sequential element gen_downsizer_conversion.axisc_downsizer_0/r1_strb_reg was removed.  [e:/WorkSpace/project/FPGA/prj_sc2238_v2.0_emmc_RGB/prj_sc2238_RGB/prj_sc2238_RGB.srcs/sources_1/ip/axis_dwidth_converter_0/hdl/axis_dwidth_converter_v1_1_vl_rfs.v:288]
WARNING: [Synth 8-6014] Unused sequential element gen_downsizer_conversion.axisc_downsizer_0/r0_dest_reg was removed.  [e:/WorkSpace/project/FPGA/prj_sc2238_v2.0_emmc_RGB/prj_sc2238_RGB/prj_sc2238_RGB.srcs/sources_1/ip/axis_dwidth_converter_0/hdl/axis_dwidth_converter_v1_1_vl_rfs.v:292]
WARNING: [Synth 8-6014] Unused sequential element gen_downsizer_conversion.axisc_downsizer_0/r1_dest_reg was removed.  [e:/WorkSpace/project/FPGA/prj_sc2238_v2.0_emmc_RGB/prj_sc2238_RGB/prj_sc2238_RGB.srcs/sources_1/ip/axis_dwidth_converter_0/hdl/axis_dwidth_converter_v1_1_vl_rfs.v:292]
WARNING: [Synth 8-6014] Unused sequential element axis_register_slice_0/areset_r_reg was removed.  [e:/WorkSpace/project/FPGA/prj_sc2238_v2.0_emmc_RGB/prj_sc2238_RGB/prj_sc2238_RGB.srcs/sources_1/ip/axis_dwidth_converter_0/hdl/axis_register_slice_v1_1_vl_rfs.v:2352]
WARNING: [Synth 8-6014] Unused sequential element axis_register_slice_1/areset_r_reg was removed.  [e:/WorkSpace/project/FPGA/prj_sc2238_v2.0_emmc_RGB/prj_sc2238_RGB/prj_sc2238_RGB.srcs/sources_1/ip/axis_dwidth_converter_0/hdl/axis_register_slice_v1_1_vl_rfs.v:2352]
WARNING: [Synth 8-3331] design axis_dwidth_converter_v1_1_16_axis_dwidth_converter has unconnected port s_axis_tstrb[2]
WARNING: [Synth 8-3331] design axis_dwidth_converter_v1_1_16_axis_dwidth_converter has unconnected port s_axis_tstrb[1]
WARNING: [Synth 8-3331] design axis_dwidth_converter_v1_1_16_axis_dwidth_converter has unconnected port s_axis_tstrb[0]
WARNING: [Synth 8-3331] design axis_dwidth_converter_v1_1_16_axis_dwidth_converter has unconnected port s_axis_tkeep[2]
WARNING: [Synth 8-3331] design axis_dwidth_converter_v1_1_16_axis_dwidth_converter has unconnected port s_axis_tkeep[1]
WARNING: [Synth 8-3331] design axis_dwidth_converter_v1_1_16_axis_dwidth_converter has unconnected port s_axis_tkeep[0]
WARNING: [Synth 8-3331] design axis_dwidth_converter_v1_1_16_axis_dwidth_converter has unconnected port s_axis_tid[0]
WARNING: [Synth 8-3331] design axis_dwidth_converter_v1_1_16_axis_dwidth_converter has unconnected port s_axis_tdest[0]
INFO: [Synth 8-3886] merging instance 'inst/gen_upsizer_conversion.axisc_upsizer_0/r0_keep_reg[2]' (FDE) to 'inst/gen_upsizer_conversion.axisc_upsizer_0/r0_keep_reg[0]'
INFO: [Synth 8-3886] merging instance 'inst/gen_upsizer_conversion.axisc_upsizer_0/r0_keep_reg[1]' (FDE) to 'inst/gen_upsizer_conversion.axisc_upsizer_0/r0_keep_reg[0]'
INFO: [Synth 8-3333] propagating constant 1 across sequential element (inst/\gen_upsizer_conversion.axisc_upsizer_0/r0_keep_reg[0] )
INFO: [Synth 8-3886] merging instance 'inst/gen_upsizer_conversion.axisc_upsizer_0/gen_data_accumulator[2].acc_keep_reg[8]' (FDRE) to 'inst/gen_upsizer_conversion.axisc_upsizer_0/gen_data_accumulator[2].acc_keep_reg[6]'
INFO: [Synth 8-3886] merging instance 'inst/gen_upsizer_conversion.axisc_upsizer_0/acc_keep_reg[9]' (FDRE) to 'inst/gen_upsizer_conversion.axisc_upsizer_0/acc_keep_reg[10]'
INFO: [Synth 8-3886] merging instance 'inst/gen_upsizer_conversion.axisc_upsizer_0/acc_keep_reg[10]' (FDRE) to 'inst/gen_upsizer_conversion.axisc_upsizer_0/acc_keep_reg[11]'
INFO: [Synth 8-3886] merging instance 'inst/gen_upsizer_conversion.axisc_upsizer_0/gen_data_accumulator[1].acc_keep_reg[4]' (FDRE) to 'inst/gen_upsizer_conversion.axisc_upsizer_0/gen_data_accumulator[1].acc_keep_reg[3]'
INFO: [Synth 8-3886] merging instance 'inst/gen_downsizer_conversion.axisc_downsizer_0/r0_keep_reg[8]' (FDE) to 'inst/gen_downsizer_conversion.axisc_downsizer_0/r0_keep_reg[6]'
INFO: [Synth 8-3886] merging instance 'inst/gen_upsizer_conversion.axisc_upsizer_0/acc_keep_reg[0]' (FDE) to 'inst/gen_upsizer_conversion.axisc_upsizer_0/acc_keep_reg[1]'
INFO: [Synth 8-3886] merging instance 'inst/gen_upsizer_conversion.axisc_upsizer_0/gen_data_accumulator[1].acc_keep_reg[5]' (FDRE) to 'inst/gen_upsizer_conversion.axisc_upsizer_0/gen_data_accumulator[1].acc_keep_reg[3]'
INFO: [Synth 8-3886] merging instance 'inst/gen_downsizer_conversion.axisc_downsizer_0/r0_keep_reg[9]' (FDE) to 'inst/gen_downsizer_conversion.axisc_downsizer_0/r0_keep_reg[10]'
INFO: [Synth 8-3886] merging instance 'inst/gen_upsizer_conversion.axisc_upsizer_0/acc_keep_reg[1]' (FDE) to 'inst/gen_upsizer_conversion.axisc_upsizer_0/acc_keep_reg[2]'
INFO: [Synth 8-3886] merging instance 'inst/gen_upsizer_conversion.axisc_upsizer_0/gen_data_accumulator[2].acc_keep_reg[6]' (FDRE) to 'inst/gen_upsizer_conversion.axisc_upsizer_0/gen_data_accumulator[2].acc_keep_reg[7]'
INFO: [Synth 8-3886] merging instance 'inst/gen_downsizer_conversion.axisc_downsizer_0/r0_keep_reg[10]' (FDE) to 'inst/gen_downsizer_conversion.axisc_downsizer_0/r0_keep_reg[11]'
INFO: [Synth 8-3886] merging instance 'inst/gen_downsizer_conversion.axisc_downsizer_0/r0_keep_reg[4]' (FDE) to 'inst/gen_downsizer_conversion.axisc_downsizer_0/r0_keep_reg[3]'
INFO: [Synth 8-3886] merging instance 'inst/gen_downsizer_conversion.axisc_downsizer_0/r0_keep_reg[0]' (FDE) to 'inst/gen_downsizer_conversion.axisc_downsizer_0/r0_keep_reg[1]'
INFO: [Synth 8-3886] merging instance 'inst/gen_downsizer_conversion.axisc_downsizer_0/r0_keep_reg[5]' (FDE) to 'inst/gen_downsizer_conversion.axisc_downsizer_0/r0_keep_reg[3]'
INFO: [Synth 8-3886] merging instance 'inst/gen_downsizer_conversion.axisc_downsizer_0/r0_keep_reg[1]' (FDE) to 'inst/gen_downsizer_conversion.axisc_downsizer_0/r0_keep_reg[2]'
INFO: [Synth 8-3886] merging instance 'inst/gen_downsizer_conversion.axisc_downsizer_0/r0_keep_reg[6]' (FDE) to 'inst/gen_downsizer_conversion.axisc_downsizer_0/r0_keep_reg[7]'
INFO: [Synth 8-3333] propagating constant 1 across sequential element (inst/\gen_upsizer_conversion.axisc_upsizer_0/acc_keep_reg[2] )
INFO: [Synth 8-3333] propagating constant 1 across sequential element (inst/\gen_downsizer_conversion.axisc_downsizer_0/r0_keep_reg[2] )
INFO: [Synth 8-3332] Sequential element (gen_upsizer_conversion.axisc_upsizer_0/r0_keep_reg[0]) is unused and will be removed from module axis_dwidth_converter_v1_1_16_axis_dwidth_converter.
INFO: [Synth 8-3332] Sequential element (gen_downsizer_conversion.axisc_downsizer_0/r0_is_null_r_reg[0]) is unused and will be removed from module axis_dwidth_converter_v1_1_16_axis_dwidth_converter.
INFO: [Synth 8-3332] Sequential element (gen_downsizer_conversion.axisc_downsizer_0/r0_keep_reg[2]) is unused and will be removed from module axis_dwidth_converter_v1_1_16_axis_dwidth_converter.
INFO: [Synth 8-3332] Sequential element (gen_upsizer_conversion.axisc_upsizer_0/r0_id_reg[0]) is unused and will be removed from module axis_dwidth_converter_v1_1_16_axis_dwidth_converter.
INFO: [Synth 8-3332] Sequential element (gen_upsizer_conversion.axisc_upsizer_0/acc_id_reg[0]) is unused and will be removed from module axis_dwidth_converter_v1_1_16_axis_dwidth_converter.
INFO: [Synth 8-3332] Sequential element (gen_downsizer_conversion.axisc_downsizer_0/r0_id_reg[0]) is unused and will be removed from module axis_dwidth_converter_v1_1_16_axis_dwidth_converter.
INFO: [Synth 8-3332] Sequential element (gen_downsizer_conversion.axisc_downsizer_0/r1_id_reg[0]) is unused and will be removed from module axis_dwidth_converter_v1_1_16_axis_dwidth_converter.
---------------------------------------------------------------------------------
Finished Cross Boundary and Area Optimization : Time (s): cpu = 00:00:14 ; elapsed = 00:00:15 . Memory (MB): peak = 868.676 ; gain = 516.996
---------------------------------------------------------------------------------

Report RTL Partitions: 
+-+--------------+------------+----------+
| |RTL Partition |Replication |Instances |
+-+--------------+------------+----------+
+-+--------------+------------+----------+
---------------------------------------------------------------------------------
Start Applying XDC Timing Constraints
---------------------------------------------------------------------------------
---------------------------------------------------------------------------------
Finished Applying XDC Timing Constraints : Time (s): cpu = 00:00:22 ; elapsed = 00:00:25 . Memory (MB): peak = 868.676 ; gain = 516.996
---------------------------------------------------------------------------------
---------------------------------------------------------------------------------
Start Timing Optimization
---------------------------------------------------------------------------------
---------------------------------------------------------------------------------
Finished Timing Optimization : Time (s): cpu = 00:00:23 ; elapsed = 00:00:25 . Memory (MB): peak = 883.906 ; gain = 532.227
---------------------------------------------------------------------------------

Report RTL Partitions: 
+-+--------------+------------+----------+
| |RTL Partition |Replication |Instances |
+-+--------------+------------+----------+
+-+--------------+------------+----------+
---------------------------------------------------------------------------------
Start Technology Mapping
---------------------------------------------------------------------------------
---------------------------------------------------------------------------------
Finished Technology Mapping : Time (s): cpu = 00:00:23 ; elapsed = 00:00:25 . Memory (MB): peak = 883.906 ; gain = 532.227
---------------------------------------------------------------------------------

Report RTL Partitions: 
+-+--------------+------------+----------+
| |RTL Partition |Replication |Instances |
+-+--------------+------------+----------+
+-+--------------+------------+----------+
---------------------------------------------------------------------------------
Start IO Insertion
---------------------------------------------------------------------------------
---------------------------------------------------------------------------------
Start Flattening Before IO Insertion
---------------------------------------------------------------------------------
---------------------------------------------------------------------------------
Finished Flattening Before IO Insertion
---------------------------------------------------------------------------------
---------------------------------------------------------------------------------
Start Final Netlist Cleanup
---------------------------------------------------------------------------------
---------------------------------------------------------------------------------
Finished Final Netlist Cleanup
---------------------------------------------------------------------------------
---------------------------------------------------------------------------------
Finished IO Insertion : Time (s): cpu = 00:00:24 ; elapsed = 00:00:26 . Memory (MB): peak = 883.906 ; gain = 532.227
---------------------------------------------------------------------------------

Report Check Netlist: 
+------+------------------+-------+---------+-------+------------------+
|      |Item              |Errors |Warnings |Status |Description       |
+------+------------------+-------+---------+-------+------------------+
|1     |multi_driven_nets |      0|        0|Passed |Multi driven nets |
+------+------------------+-------+---------+-------+------------------+
---------------------------------------------------------------------------------
Start Renaming Generated Instances
---------------------------------------------------------------------------------
---------------------------------------------------------------------------------
Finished Renaming Generated Instances : Time (s): cpu = 00:00:24 ; elapsed = 00:00:26 . Memory (MB): peak = 883.906 ; gain = 532.227
---------------------------------------------------------------------------------

Report RTL Partitions: 
+-+--------------+------------+----------+
| |RTL Partition |Replication |Instances |
+-+--------------+------------+----------+
+-+--------------+------------+----------+
---------------------------------------------------------------------------------
Start Rebuilding User Hierarchy
---------------------------------------------------------------------------------
---------------------------------------------------------------------------------
Finished Rebuilding User Hierarchy : Time (s): cpu = 00:00:24 ; elapsed = 00:00:26 . Memory (MB): peak = 883.906 ; gain = 532.227
---------------------------------------------------------------------------------
---------------------------------------------------------------------------------
Start Renaming Generated Ports
---------------------------------------------------------------------------------
---------------------------------------------------------------------------------
Finished Renaming Generated Ports : Time (s): cpu = 00:00:24 ; elapsed = 00:00:26 . Memory (MB): peak = 883.906 ; gain = 532.227
---------------------------------------------------------------------------------
---------------------------------------------------------------------------------
Start Handling Custom Attributes
---------------------------------------------------------------------------------
---------------------------------------------------------------------------------
Finished Handling Custom Attributes : Time (s): cpu = 00:00:24 ; elapsed = 00:00:26 . Memory (MB): peak = 883.906 ; gain = 532.227
---------------------------------------------------------------------------------
---------------------------------------------------------------------------------
Start Renaming Generated Nets
---------------------------------------------------------------------------------
---------------------------------------------------------------------------------
Finished Renaming Generated Nets : Time (s): cpu = 00:00:24 ; elapsed = 00:00:26 . Memory (MB): peak = 883.906 ; gain = 532.227
---------------------------------------------------------------------------------
---------------------------------------------------------------------------------
Start Writing Synthesis Report
---------------------------------------------------------------------------------

Report BlackBoxes: 
+-+--------------+----------+
| |BlackBox name |Instances |
+-+--------------+----------+
+-+--------------+----------+

Report Cell Usage: 
+------+-----+------+
|      |Cell |Count |
+------+-----+------+
|1     |LUT1 |     1|
|2     |LUT2 |     6|
|3     |LUT3 |     5|
|4     |LUT4 |    13|
|5     |LUT5 |    82|
|6     |LUT6 |    20|
|7     |FDRE |   310|
+------+-----+------+

Report Instance Areas: 
+------+-------------------------------------------------+----------------------------------------------------+------+
|      |Instance                                         |Module                                              |Cells |
+------+-------------------------------------------------+----------------------------------------------------+------+
|1     |top                                              |                                                    |   437|
|2     |  inst                                           |axis_dwidth_converter_v1_1_16_axis_dwidth_converter |   437|
|3     |    \gen_downsizer_conversion.axisc_downsizer_0  |axis_dwidth_converter_v1_1_16_axisc_downsizer       |   266|
|4     |    \gen_upsizer_conversion.axisc_upsizer_0      |axis_dwidth_converter_v1_1_16_axisc_upsizer         |   169|
+------+-------------------------------------------------+----------------------------------------------------+------+
---------------------------------------------------------------------------------
Finished Writing Synthesis Report : Time (s): cpu = 00:00:24 ; elapsed = 00:00:26 . Memory (MB): peak = 883.906 ; gain = 532.227
---------------------------------------------------------------------------------
Synthesis finished with 0 errors, 0 critical warnings and 17 warnings.
Synthesis Optimization Runtime : Time (s): cpu = 00:00:14 ; elapsed = 00:00:18 . Memory (MB): peak = 883.906 ; gain = 168.602
Synthesis Optimization Complete : Time (s): cpu = 00:00:24 ; elapsed = 00:00:26 . Memory (MB): peak = 883.906 ; gain = 532.227
INFO: [Project 1-571] Translating synthesized netlist
INFO: [Project 1-570] Preparing netlist for logic optimization
INFO: [Opt 31-138] Pushed 0 inverter(s) to 0 load pin(s).
INFO: [Project 1-111] Unisim Transformation Summary:
No Unisim elements were transformed.

INFO: [Common 17-83] Releasing license: Synthesis
71 Infos, 39 Warnings, 0 Critical Warnings and 0 Errors encountered.
synth_design completed successfully
synth_design: Time (s): cpu = 00:00:26 ; elapsed = 00:00:28 . Memory (MB): peak = 885.605 ; gain = 545.395
INFO: [Common 17-600] The following parameters have non-default value.
tcl.collectionResultDisplayLimit
WARNING: [Constraints 18-5210] No constraint will be written out.
INFO: [Common 17-1381] The checkpoint 'E:/WorkSpace/project/FPGA/prj_sc2238_v2.0_emmc_RGB/prj_sc2238_RGB/prj_sc2238_RGB.runs/axis_dwidth_converter_0_synth_1/axis_dwidth_converter_0.dcp' has been generated.
INFO: [Coretcl 2-1482] Added synthesis output to IP cache for IP e:/WorkSpace/project/FPGA/prj_sc2238_v2.0_emmc_RGB/prj_sc2238_RGB/prj_sc2238_RGB.srcs/sources_1/ip/axis_dwidth_converter_0/axis_dwidth_converter_0.xci
INFO: [Coretcl 2-1174] Renamed 3 cell refs.
WARNING: [Constraints 18-5210] No constraint will be written out.
INFO: [Common 17-1381] The checkpoint 'E:/WorkSpace/project/FPGA/prj_sc2238_v2.0_emmc_RGB/prj_sc2238_RGB/prj_sc2238_RGB.runs/axis_dwidth_converter_0_synth_1/axis_dwidth_converter_0.dcp' has been generated.
INFO: [runtcl-4] Executing : report_utilization -file axis_dwidth_converter_0_utilization_synth.rpt -pb axis_dwidth_converter_0_utilization_synth.pb
report_utilization: Time (s): cpu = 00:00:00 ; elapsed = 00:00:00.031 . Memory (MB): peak = 885.605 ; gain = 0.000
INFO: [Common 17-206] Exiting Vivado at Wed Mar 27 09:42:09 2019...
