#-----------------------------------------------------------
# Webtalk v2018.2 (64-bit)
# SW Build 2258646 on Thu Jun 14 20:03:12 MDT 2018
# 
# Start of session at: Thu May 16 17:38:25 2019
# Process ID: 15400
# Current directory: E:/WorkSpace/project/FPGA/prj_sc2238_RGB/prj_sc2238_RGB.sdk/webtalk
# Command line: wbtcv.exe -mode batch -source sdk_webtalk.tcl
# Log file: E:/WorkSpace/project/FPGA/prj_sc2238_RGB/prj_sc2238_RGB.sdk/webtalk/webtalk.log
# Journal file: E:/WorkSpace/project/FPGA/prj_sc2238_RGB/prj_sc2238_RGB.sdk/webtalk\webtalk.jou
#-----------------------------------------------------------
source sdk_webtalk.tcl
# webtalk_init -webtalk_dir E:\\WorkSpace\\project\\FPGA\\prj_sc2238_RGB\\prj_sc2238_RGB.sdk\\webtalk
# webtalk_register_client -client project
# webtalk_add_data -client project -key date_generated -value "2019-05-16 17:38:23" -context "software_version_and_target_device"
# webtalk_add_data -client project -key product_version -value "SDK v2018.2" -context "software_version_and_target_device"
# webtalk_add_data -client project -key build_version -value "2018.2" -context "software_version_and_target_device"
# webtalk_add_data -client project -key os_platform -value "amd64" -context "software_version_and_target_device"
# webtalk_add_data -client project -key registration_id -value "" -context "software_version_and_target_device"
# webtalk_add_data -client project -key tool_flow -value "SDK" -context "software_version_and_target_device"
# webtalk_add_data -client project -key beta -value "false" -context "software_version_and_target_device"
# webtalk_add_data -client project -key route_design -value "NA" -context "software_version_and_target_device"
# webtalk_add_data -client project -key target_family -value "NA" -context "software_version_and_target_device"
# webtalk_add_data -client project -key target_device -value "NA" -context "software_version_and_target_device"
# webtalk_add_data -client project -key target_package -value "NA" -context "software_version_and_target_device"
# webtalk_add_data -client project -key target_speed -value "NA" -context "software_version_and_target_device"
# webtalk_add_data -client project -key random_id -value "dsma0tqnmah7titjhqca2299hj" -context "software_version_and_target_device"
# webtalk_add_data -client project -key project_id -value "2018.2_6" -context "software_version_and_target_device"
# webtalk_add_data -client project -key project_iteration -value "6" -context "software_version_and_target_device"
# webtalk_add_data -client project -key os_name -value "Microsoft Windows 8 or later , 64-bit" -context "user_environment"
# webtalk_add_data -client project -key os_release -value "major release  (build 9200)" -context "user_environment"
# webtalk_add_data -client project -key cpu_name -value "Intel(R) Core(TM) i7-7700 CPU @ 3.60GHz" -context "user_environment"
# webtalk_add_data -client project -key cpu_speed -value "3600 MHz" -context "user_environment"
# webtalk_add_data -client project -key total_processors -value "1" -context "user_environment"
# webtalk_add_data -client project -key system_ram -value "17.039 GB" -context "user_environment"
# webtalk_register_client -client sdk
# webtalk_add_data -client sdk -key uid -value "1557974801613" -context "sdk\\\\bsp/1557974801613"
# webtalk_add_data -client sdk -key hwid -value "1537232311121" -context "sdk\\\\bsp/1557974801613"
# webtalk_add_data -client sdk -key os -value "standalone" -context "sdk\\\\bsp/1557974801613"
# webtalk_add_data -client sdk -key apptemplate -value "hello_world" -context "sdk\\\\bsp/1557974801613"
# webtalk_add_data -client sdk -key RecordType -value "BSPCreation" -context "sdk\\\\bsp/1557974801613"
# webtalk_add_data -client sdk -key uid -value "1557974809056" -context "sdk\\\\application/1557974809056"
# webtalk_add_data -client sdk -key hwid -value "1537232311121" -context "sdk\\\\application/1557974809056"
# webtalk_add_data -client sdk -key bspid -value "1557974801613" -context "sdk\\\\application/1557974809056"
# webtalk_add_data -client sdk -key newbsp -value "true" -context "sdk\\\\application/1557974809056"
# webtalk_add_data -client sdk -key os -value "standalone" -context "sdk\\\\application/1557974809056"
# webtalk_add_data -client sdk -key apptemplate -value "hello_world" -context "sdk\\\\application/1557974809056"
# webtalk_add_data -client sdk -key RecordType -value "APPCreation" -context "sdk\\\\application/1557974809056"
# webtalk_add_data -client sdk -key LangUsed -value "C" -context "sdk\\\\application/1557974809056"
# webtalk_add_data -client sdk -key Procused -value "ps7_cortexa9" -context "sdk\\\\application/1557974809056"
# webtalk_add_data -client sdk -key uid -value "1557974913246" -context "sdk\\\\bsp/1557974913246"
# webtalk_add_data -client sdk -key hwid -value "1537232311121" -context "sdk\\\\bsp/1557974913246"
# webtalk_add_data -client sdk -key os -value "standalone" -context "sdk\\\\bsp/1557974913246"
# webtalk_add_data -client sdk -key apptemplate -value "hello_world" -context "sdk\\\\bsp/1557974913246"
# webtalk_add_data -client sdk -key RecordType -value "BSPCreation" -context "sdk\\\\bsp/1557974913246"
# webtalk_add_data -client sdk -key uid -value "1557974914798" -context "sdk\\\\application/1557974914798"
# webtalk_add_data -client sdk -key hwid -value "1537232311121" -context "sdk\\\\application/1557974914798"
# webtalk_add_data -client sdk -key bspid -value "1557974913246" -context "sdk\\\\application/1557974914798"
# webtalk_add_data -client sdk -key newbsp -value "true" -context "sdk\\\\application/1557974914798"
# webtalk_add_data -client sdk -key os -value "standalone" -context "sdk\\\\application/1557974914798"
# webtalk_add_data -client sdk -key apptemplate -value "hello_world" -context "sdk\\\\application/1557974914798"
# webtalk_add_data -client sdk -key RecordType -value "APPCreation" -context "sdk\\\\application/1557974914798"
# webtalk_add_data -client sdk -key LangUsed -value "C" -context "sdk\\\\application/1557974914798"
# webtalk_add_data -client sdk -key Procused -value "ps7_cortexa9" -context "sdk\\\\application/1557974914798"
# webtalk_add_data -client sdk -key projSize -value "452.3984375" -context "sdk\\\\application/1557974914798"
# webtalk_add_data -client sdk -key uid -value "NA" -context "sdk\\\\bsp/1557999503488"
# webtalk_add_data -client sdk -key RecordType -value "ToolUsage" -context "sdk\\\\bsp/1557999503488"
# webtalk_add_data -client sdk -key BootgenCount -value "0" -context "sdk\\\\bsp/1557999503488"
# webtalk_add_data -client sdk -key DebugCount -value "32" -context "sdk\\\\bsp/1557999503488"
# webtalk_add_data -client sdk -key PerfCount -value "0" -context "sdk\\\\bsp/1557999503488"
# webtalk_add_data -client sdk -key FlashCount -value "0" -context "sdk\\\\bsp/1557999503488"
# webtalk_add_data -client sdk -key CrossTriggCount -value "0" -context "sdk\\\\bsp/1557999503488"
# webtalk_add_data -client sdk -key QemuDebugCount -value "0" -context "sdk\\\\bsp/1557999503488"
# webtalk_transmit -clientid 236476477 -regid "" -xml E:\\WorkSpace\\project\\FPGA\\prj_sc2238_RGB\\prj_sc2238_RGB.sdk\\webtalk\\usage_statistics_ext_sdk.xml -html E:\\WorkSpace\\project\\FPGA\\prj_sc2238_RGB\\prj_sc2238_RGB.sdk\\webtalk\\usage_statistics_ext_sdk.html -wdm E:\\WorkSpace\\project\\FPGA\\prj_sc2238_RGB\\prj_sc2238_RGB.sdk\\webtalk\\sdk_webtalk.wdm -intro "<H3>SDK Usage Report</H3><BR>"
INFO: [Common 17-186] 'E:\WorkSpace\project\FPGA\prj_sc2238_RGB\prj_sc2238_RGB.sdk\webtalk\usage_statistics_ext_sdk.xml' has been successfully sent to Xilinx on Thu May 16 17:38:35 2019. For additional details about this file, please refer to the WebTalk help file at D:/Xilinx/SDK/2018.2/doc/webtalk_introduction.html.
webtalk_transmit: Time (s): cpu = 00:00:00 ; elapsed = 00:00:05 . Memory (MB): peak = 54.629 ; gain = 0.180
# webtalk_terminate
INFO: [Common 17-206] Exiting Webtalk at Thu May 16 17:38:35 2019...
